Arguments: 
  /usr/local/bin/node /usr/local/bin/yarn add @stacks/transactions,bn.js

PATH: 
  /Users/vulcan/.cargo/bin:/Library/Frameworks/Python.framework/Versions/3.8/bin:/Library/Frameworks/Python.framework/Versions/3.8/bin:/Library/Frameworks/Python.framework/Versions/3.7/bin:/opt/local/bin:/opt/local/sbin:/Library/Frameworks/Python.framework/Versions/3.7/bin:/usr/local/bin:/usr/bin:/bin:/usr/sbin:/sbin:/usr/local/go/bin:/usr/local/MacGPG2/bin:/usr/local/share/dotnet:/opt/X11/bin:~/.dotnet/tools:/Library/Apple/usr/bin:/Library/Frameworks/Mono.framework/Versions/Current/Commands:/Users/vulcan/.cargo/bin:/Library/Frameworks/Python.framework/Versions/3.8/bin:/Library/Frameworks/Python.framework/Versions/3.7/bin:/opt/local/bin:/opt/local/sbin:/opt/anaconda3/bin:/opt/anaconda3/condabin:/Users/vulcan/google-cloud-sdk/bin

Yarn version: 
  1.22.10

Node version: 
  12.16.1

Platform: 
  darwin x64

Trace: 
  Error: https://registry.yarnpkg.com/@stacks%2ftransactions,bn.js: Not found
      at Request.params.callback [as _callback] (/usr/local/lib/node_modules/yarn/lib/cli.js:66988:18)
      at Request.self.callback (/usr/local/lib/node_modules/yarn/lib/cli.js:140662:22)
      at Request.emit (events.js:311:20)
      at Request.<anonymous> (/usr/local/lib/node_modules/yarn/lib/cli.js:141634:10)
      at Request.emit (events.js:311:20)
      at IncomingMessage.<anonymous> (/usr/local/lib/node_modules/yarn/lib/cli.js:141556:12)
      at Object.onceWrapper (events.js:417:28)
      at IncomingMessage.emit (events.js:323:22)
      at endReadableNT (_stream_readable.js:1204:12)
      at processTicksAndRejections (internal/process/task_queues.js:84:21)

npm manifest: 
  {
    "private": true,
    "name": "api",
    "version": "1.0.0",
    "description": "A template for kick starting a Cloudflare Workers project",
    "main": "index.js",
    "scripts": {
      "test": "echo \"Error: no test specified\" && exit 1",
      "format": "prettier --write '**/*.{js,css,json,md}'"
    },
    "author": "pxydn <pxydn@pm.me>",
    "license": "who knows",
    "devDependencies": {
      "prettier": "^1.18.2"
    },
    "dependencies": {
      "@stacks/common": "^1.2.2",
      "@stacks/keychain": "^1.5.0-alpha.0",
      "@stacks/network": "^1.5.0-alpha.0"
    }
  }

yarn manifest: 
  No manifest

Lockfile: 
  # THIS IS AN AUTOGENERATED FILE. DO NOT EDIT THIS FILE DIRECTLY.
  # yarn lockfile v1
  
  
  "@blockstack/rpc-client@^0.3.0-alpha.11":
    version "0.3.0-alpha.22"
    resolved "https://registry.yarnpkg.com/@blockstack/rpc-client/-/rpc-client-0.3.0-alpha.22.tgz#2e72f3d9ab734c0eed00a3ef3b2c1a2c12b0f232"
    integrity sha512-pfIg0WYkCUZ/fbM9ic3dMf9n9dU3NAJrGLMHTXgxndQRktf8fWBSXOxA4PUuBFzVh4aDlfEGh0PWS4WPe/FRnA==
    dependencies:
      "@blockstack/stacks-transactions" "0.5.1"
      cross-fetch "^3.0.4"
  
  "@blockstack/stacks-transactions@0.5.1":
    version "0.5.1"
    resolved "https://registry.yarnpkg.com/@blockstack/stacks-transactions/-/stacks-transactions-0.5.1.tgz#b58057d52567406ce26669ba0abcaf583cf2d21c"
    integrity sha512-szzDyRBHnPDE7hoqm6TJbKvUPE5aHRapS4gqiDetOwZzq/aDqIrFVHSgU1GM7m1d2q2jlN1knW4IiRJUeCxw0Q==
    dependencies:
      "@types/bn.js" "^4.11.6"
      "@types/elliptic" "^6.4.12"
      "@types/lodash" "^4.14.149"
      "@types/randombytes" "^2.0.0"
      "@types/ripemd160" "^2.0.0"
      "@types/sha.js" "^2.4.0"
      bn.js "^4.11.8"
      c32check "^1.0.1"
      cross-fetch "^3.0.4"
      elliptic "^6.5.2"
      lodash "^4.17.15"
      randombytes "^2.1.0"
      ripemd160 "^2.0.2"
      sha.js "^2.4.11"
      smart-buffer "^4.1.0"
  
  "@stacks/auth@^1.2.3":
    version "1.2.3"
    resolved "https://registry.yarnpkg.com/@stacks/auth/-/auth-1.2.3.tgz#7318436b5c69a3f65a52450470ae5c0f8c2ff65a"
    integrity sha512-EDXX1hiQ9UnAjrX4D1UyeVZQF647RdtC6EYAIxzgn2L6XxARACGpn+d/fRpE1q411y94lF/2Oqj8MPSwDb/NHQ==
    dependencies:
      "@stacks/common" "^1.2.2"
      "@stacks/encryption" "^1.2.3"
      "@stacks/network" "^1.2.2"
      "@stacks/profile" "^1.2.3"
      codecov "^3.7.2"
      cross-fetch "^3.0.5"
      jsontokens "^3.0.0"
      query-string "^6.13.1"
  
  "@stacks/common@^1.2.2":
    version "1.2.2"
    resolved "https://registry.yarnpkg.com/@stacks/common/-/common-1.2.2.tgz#1365ffb0f8bd9e4cd194c63c65a1bb2c83876ba1"
    integrity sha512-knCqq88EBRCN8AhS7+Sx2PJuRv0EFNChEpqLqCAchCHCQfp5bWad/47Zw+fLP9ccBwFXh4pl1wDtbQLBfDo0+A==
    dependencies:
      cross-fetch "^3.0.6"
  
  "@stacks/encryption@^1.2.3":
    version "1.2.3"
    resolved "https://registry.yarnpkg.com/@stacks/encryption/-/encryption-1.2.3.tgz#689dd8fe640649cdb3ef0561c03bde3799e6165d"
    integrity sha512-g6p9FGXUHMFKnkbfgObcgP3LUHc/XqRnh+5wNw8kU/R9T0Wbwej2/RfZaxvyvYVu9GP3EXRDPVDmWJFSO1cqWw==
    dependencies:
      "@stacks/common" "^1.2.2"
      bip39 "^3.0.2"
      bitcoinjs-lib "^5.1.10"
      bn.js "^5.1.2"
      elliptic "^6.5.2"
      randombytes "^2.1.0"
      ripemd160-min "^0.0.6"
      sha.js "^2.4.11"
  
  "@stacks/encryption@^1.5.0-alpha.0":
    version "1.5.0-alpha.0"
    resolved "https://registry.yarnpkg.com/@stacks/encryption/-/encryption-1.5.0-alpha.0.tgz#fc65bb4737154486d25a3177b6e1a6af94f86a33"
    integrity sha512-RBHXYl5l6o4qNbB6sVXb+W+nu15GSqTFNibH4PY1TscuWCFH7HxPAJXRMIlp/Qk68RjRGbHbgY1cOXsBdszjJQ==
    dependencies:
      "@stacks/common" "^1.2.2"
      bip39 "^3.0.2"
      bitcoinjs-lib "^5.1.10"
      bn.js "^5.1.2"
      elliptic "^6.5.2"
      randombytes "^2.1.0"
      ripemd160-min "^0.0.6"
      sha.js "^2.4.11"
  
  "@stacks/keychain@^1.5.0-alpha.0":
    version "1.5.0-alpha.0"
    resolved "https://registry.yarnpkg.com/@stacks/keychain/-/keychain-1.5.0-alpha.0.tgz#d64dc1c46d34a02995f1d7bdd28eded0db71350f"
    integrity sha512-jbBowWVFYHfUm/fU/ylJ19gr/yb5mTUJapVZ9z+EMSmA4+K4PNwIVQNQUL7xd9Nl0lPnuWqzD5q3GQmSlh+C3A==
    dependencies:
      "@blockstack/rpc-client" "^0.3.0-alpha.11"
      "@stacks/common" "^1.2.2"
      "@stacks/encryption" "^1.5.0-alpha.0"
      "@stacks/storage" "^1.5.0-alpha.0"
      "@stacks/transactions" "^1.4.1"
      bip32 "^2.0.4"
      bip39 "^3.0.2"
      bitcoinjs-lib "^5.1.6"
      bn.js "^5.1.1"
      c32check "^1.0.1"
      jsontokens "^3.0.0"
      triplesec "^3.0.27"
      zone-file "^1.0.0"
  
  "@stacks/network@^1.2.2":
    version "1.2.2"
    resolved "https://registry.yarnpkg.com/@stacks/network/-/network-1.2.2.tgz#30ca87ad6339f32eb04ed3a9dbcc2e39ed933604"
    integrity sha512-xcWwuRrLJn9qqi3PEBcP2UPZHQztTZd31C0aVlzYHttNMir/sY9SrUqSnw45z2Jo4O9pIYYPIiPRtdV91Ho3fw==
    dependencies:
      "@stacks/common" "^1.2.2"
  
  "@stacks/network@^1.5.0-alpha.0":
    version "1.5.0-alpha.0"
    resolved "https://registry.yarnpkg.com/@stacks/network/-/network-1.5.0-alpha.0.tgz#610f3937dbb8f2159d404acface6de4ef41b2bf1"
    integrity sha512-MU+N6LlYp17wrJ8viUNh0CCnoQLajx80devVNtgN92yRyTATajc2Ux3HfrOFsyz1/qY5UiaPBFEyw05qhd2SKw==
    dependencies:
      "@stacks/common" "^1.2.2"
  
  "@stacks/profile@^1.2.3":
    version "1.2.3"
    resolved "https://registry.yarnpkg.com/@stacks/profile/-/profile-1.2.3.tgz#4180d5d1776a84d591b73bb4cd38e701a3e22521"
    integrity sha512-bVLoSz8LFiuUS4wnZgVoShNRPaSSBvrAc5SmPZNOtfonUgeNLmwKvskbc6x6exgn/m7wMNp1gY7n+BIBmfST9w==
    dependencies:
      "@stacks/common" "^1.2.2"
      "@stacks/encryption" "^1.2.3"
      "@stacks/network" "^1.2.2"
      bitcoinjs-lib "^5.1.10"
      jsontokens "^3.0.0"
      schema-inspector "^1.7.0"
      zone-file "^1.0.0"
  
  "@stacks/storage@^1.5.0-alpha.0":
    version "1.5.0-alpha.0"
    resolved "https://registry.yarnpkg.com/@stacks/storage/-/storage-1.5.0-alpha.0.tgz#189186449113c003d1b55a3ef700e696286e2bc6"
    integrity sha512-Y1Lrp5jt3wmSdCNstrH4wH/gzkFMkKElY9IpbEsiK7Zt0uLS8wa5fADZxge6LZbNZ+agG2zLHJpQsBme/q4KHw==
    dependencies:
      "@stacks/auth" "^1.2.3"
      "@stacks/common" "^1.2.2"
      "@stacks/encryption" "^1.5.0-alpha.0"
  
  "@stacks/transactions@^1.4.1":
    version "1.4.1"
    resolved "https://registry.yarnpkg.com/@stacks/transactions/-/transactions-1.4.1.tgz#7b1d046051065a28707bac58c39d021fa49575f4"
    integrity sha512-7LFA9yQqlmN+oVJeYaj+NfZyuInJxF8ozJ8kypCmJ9rUrbbGC/es1KyseB96YBiiOh4eLUfRlD1j6boSdNR8aA==
    dependencies:
      "@stacks/common" "^1.2.2"
      "@stacks/network" "^1.2.2"
      "@types/bn.js" "^4.11.6"
      "@types/elliptic" "^6.4.12"
      "@types/randombytes" "^2.0.0"
      "@types/sha.js" "^2.4.0"
      bn.js "^4.11.9"
      c32check "^1.1.1"
      cross-fetch "^3.0.5"
      elliptic "^6.5.3"
      lodash "^4.17.20"
      lodash-es "4.17.20"
      randombytes "^2.1.0"
      ripemd160-min "^0.0.6"
      sha.js "^2.4.11"
      smart-buffer "^4.1.0"
  
  "@tootallnate/once@1":
    version "1.1.2"
    resolved "https://registry.yarnpkg.com/@tootallnate/once/-/once-1.1.2.tgz#ccb91445360179a04e7fe6aff78c00ffc1eeaf82"
    integrity sha512-RbzJvlNzmRq5c3O09UipeuXno4tA1FE6ikOjxZK0tuxVv3412l64l5t1W5pj4+rJq9vpkm/kwiR07aZXnsKPxw==
  
  "@types/bn.js@*":
    version "5.1.0"
    resolved "https://registry.yarnpkg.com/@types/bn.js/-/bn.js-5.1.0.tgz#32c5d271503a12653c62cf4d2b45e6eab8cebc68"
    integrity sha512-QSSVYj7pYFN49kW77o2s9xTCwZ8F2xLbjLLSEVh8D2F4JUhZtPAGOFLTD+ffqksBx/u4cE/KImFjyhqCjn/LIA==
    dependencies:
      "@types/node" "*"
  
  "@types/bn.js@^4.11.6":
    version "4.11.6"
    resolved "https://registry.yarnpkg.com/@types/bn.js/-/bn.js-4.11.6.tgz#c306c70d9358aaea33cd4eda092a742b9505967c"
    integrity sha512-pqr857jrp2kPuO9uRjZ3PwnJTjoQy+fcdxvBTvHm6dkmEL9q+hDD/2j/0ELOBPtPnS8LjCX0gI9nbl8lVkadpg==
    dependencies:
      "@types/node" "*"
  
  "@types/elliptic@^6.4.12", "@types/elliptic@^6.4.9":
    version "6.4.12"
    resolved "https://registry.yarnpkg.com/@types/elliptic/-/elliptic-6.4.12.tgz#e8add831f9cc9a88d9d84b3733ff669b68eaa124"
    integrity sha512-gP1KsqoouLJGH6IJa28x7PXb3cRqh83X8HCLezd2dF+XcAIMKYv53KV+9Zn6QA561E120uOqZBQ+Jy/cl+fviw==
    dependencies:
      "@types/bn.js" "*"
  
  "@types/lodash@^4.14.149":
    version "4.14.168"
    resolved "https://registry.yarnpkg.com/@types/lodash/-/lodash-4.14.168.tgz#fe24632e79b7ade3f132891afff86caa5e5ce008"
    integrity sha512-oVfRvqHV/V6D1yifJbVRU3TMp8OT6o6BG+U9MkwuJ3U8/CsDHvalRpsxBqivn71ztOFZBTfJMvETbqHiaNSj7Q==
  
  "@types/node@*":
    version "15.0.2"
    resolved "https://registry.yarnpkg.com/@types/node/-/node-15.0.2.tgz#51e9c0920d1b45936ea04341aa3e2e58d339fb67"
    integrity sha512-p68+a+KoxpoB47015IeYZYRrdqMUcpbK8re/zpFB8Ld46LHC1lPEbp3EXgkEhAYEcPvjJF6ZO+869SQ0aH1dcA==
  
  "@types/node@10.12.18":
    version "10.12.18"
    resolved "https://registry.yarnpkg.com/@types/node/-/node-10.12.18.tgz#1d3ca764718915584fcd9f6344621b7672665c67"
    integrity sha512-fh+pAqt4xRzPfqA6eh3Z2y6fyZavRIumvjhaCL753+TVkGKGhpPeyrJG2JftD0T9q4GF00KjefsQ+PQNDdWQaQ==
  
  "@types/node@11.11.6":
    version "11.11.6"
    resolved "https://registry.yarnpkg.com/@types/node/-/node-11.11.6.tgz#df929d1bb2eee5afdda598a41930fe50b43eaa6a"
    integrity sha512-Exw4yUWMBXM3X+8oqzJNRqZSwUAaS4+7NdvHqQuFi/d+synz++xmX3QIf+BFqneW8N31R8Ky+sikfZUXq07ggQ==
  
  "@types/node@^8.0.0":
    version "8.10.66"
    resolved "https://registry.yarnpkg.com/@types/node/-/node-8.10.66.tgz#dd035d409df322acc83dff62a602f12a5783bbb3"
    integrity sha512-tktOkFUA4kXx2hhhrB8bIFb5TbwzS4uOhKEmwiD+NoiL0qtP2OQ9mFldbgD4dV1djrlBYP6eBuQZiWjuHUpqFw==
  
  "@types/randombytes@^2.0.0":
    version "2.0.0"
    resolved "https://registry.yarnpkg.com/@types/randombytes/-/randombytes-2.0.0.tgz#0087ff5e60ae68023b9bc4398b406fea7ad18304"
    integrity sha512-bz8PhAVlwN72vqefzxa14DKNT8jK/mV66CSjwdVQM/k3Th3EPKfUtdMniwZgMedQTFuywAsfjnZsg+pEnltaMA==
    dependencies:
      "@types/node" "*"
  
  "@types/ripemd160@^2.0.0":
    version "2.0.0"
    resolved "https://registry.yarnpkg.com/@types/ripemd160/-/ripemd160-2.0.0.tgz#d33e49cf66edf4668828030d4aa80116bbf8ae81"
    integrity sha512-LD6AO/+8cAa1ghXax9NG9iPDLPUEGB2WWPjd//04KYfXxTwHvlDEfL0NRjrM5z9XWBi6WbKw75Are0rDyn3PSA==
    dependencies:
      "@types/node" "*"
  
  "@types/sha.js@^2.4.0":
    version "2.4.0"
    resolved "https://registry.yarnpkg.com/@types/sha.js/-/sha.js-2.4.0.tgz#bce682ef860b40f419d024fa08600c3b8d24bb01"
    integrity sha512-amxKgPy6WJTKuw8mpUwjX2BSxuBtBmZfRwIUDIuPJKNwGN8CWDli8JTg5ONTWOtcTkHIstvT7oAhhYXqEjStHQ==
    dependencies:
      "@types/node" "*"
  
  agent-base@6:
    version "6.0.2"
    resolved "https://registry.yarnpkg.com/agent-base/-/agent-base-6.0.2.tgz#49fff58577cfee3f37176feab4c22e00f86d7f77"
    integrity sha512-RZNwNclF7+MS/8bDg70amg32dyeZGZxiDuQmZxKLAlQjr3jGyLx+4Kkk58UO7D2QdgFIQCovuSuZESne6RG6XQ==
    dependencies:
      debug "4"
  
  argparse@^1.0.7:
    version "1.0.10"
    resolved "https://registry.yarnpkg.com/argparse/-/argparse-1.0.10.tgz#bcd6791ea5ae09725e17e5ad988134cd40b3d911"
    integrity sha512-o5Roy6tNG4SL/FOkCAN6RzjiakZS25RLYFrcMttJqbdd8BWrnA+fGz57iN5Pb06pvBGvl5gQ0B48dJlslXvoTg==
    dependencies:
      sprintf-js "~1.0.2"
  
  argv@0.0.2:
    version "0.0.2"
    resolved "https://registry.yarnpkg.com/argv/-/argv-0.0.2.tgz#ecbd16f8949b157183711b1bda334f37840185ab"
    integrity sha1-7L0W+JSbFXGDcRsb2jNPN4QBhas=
  
  asn1.js@^5.0.1:
    version "5.4.1"
    resolved "https://registry.yarnpkg.com/asn1.js/-/asn1.js-5.4.1.tgz#11a980b84ebb91781ce35b0fdc2ee294e3783f07"
    integrity sha512-+I//4cYPccV8LdmBLiX8CYvf9Sp3vQsrqu2QNXRcrbiWvcx/UdlFiqUJJzxRQxgsZmvhXhn4cSKeSmoFjVdupA==
    dependencies:
      bn.js "^4.0.0"
      inherits "^2.0.1"
      minimalistic-assert "^1.0.0"
      safer-buffer "^2.1.0"
  
  async@~2.6.3:
    version "2.6.3"
    resolved "https://registry.yarnpkg.com/async/-/async-2.6.3.tgz#d72625e2344a3656e3a3ad4fa749fa83299d82ff"
    integrity sha512-zflvls11DCy+dQWzTW2dzuilv8Z5X/pjfmZOWba6TNIVDm+2UDaJmXSOXlasHKfNBs8oo3M0aT50fDEWfKZjXg==
    dependencies:
      lodash "^4.17.14"
  
  balanced-match@^1.0.0:
    version "1.0.2"
    resolved "https://registry.yarnpkg.com/balanced-match/-/balanced-match-1.0.2.tgz#e83e3a7e3f300b34cb9d87f615fa0cbf357690ee"
    integrity sha512-3oSeUO0TMV67hN1AmbXsK4yaqU7tjiHlbxRDZOpH0KW9+CeX4bRAaX0Anxt0tx2MrpRpWwQaPwIlISEJhYU5Pw==
  
  base-x@^3.0.2, base-x@^3.0.8:
    version "3.0.8"
    resolved "https://registry.yarnpkg.com/base-x/-/base-x-3.0.8.tgz#1e1106c2537f0162e8b52474a557ebb09000018d"
    integrity sha512-Rl/1AWP4J/zRrk54hhlxH4drNxPJXYUaKffODVI53/dAsV4t9fBxyxYKAVPU1XBHxYwOWP9h9H0hM2MVw4YfJA==
    dependencies:
      safe-buffer "^5.0.1"
  
  base64-js@^1.3.1:
    version "1.5.1"
    resolved "https://registry.yarnpkg.com/base64-js/-/base64-js-1.5.1.tgz#1b1b440160a5bf7ad40b650f095963481903930a"
    integrity sha512-AKpaYlHn8t4SVbOHCy+b5+KKgvR4vrsD8vbvrbiQJps7fKDTkjkDry6ji0rUJjC0kzbNePLwzxq8iypo41qeWA==
  
  base64url@^3.0.1:
    version "3.0.1"
    resolved "https://registry.yarnpkg.com/base64url/-/base64url-3.0.1.tgz#6399d572e2bc3f90a9a8b22d5dbb0a32d33f788d"
    integrity sha512-ir1UPr3dkwexU7FdV8qBBbNDRUhMmIekYMFZfi+C/sLNnRESKPl23nB9b2pltqfOQNnGzsDdId90AEtG5tCx4A==
  
  bech32@^1.1.2:
    version "1.1.4"
    resolved "https://registry.yarnpkg.com/bech32/-/bech32-1.1.4.tgz#e38c9f37bf179b8eb16ae3a772b40c356d4832e9"
    integrity sha512-s0IrSOzLlbvX7yp4WBfPITzpAU8sqQcpsmwXDiKwrG4r491vwCO/XpejasRNl0piBMe/DvP4Tz0mIS/X1DPJBQ==
  
  bindings@^1.3.0:
    version "1.5.0"
    resolved "https://registry.yarnpkg.com/bindings/-/bindings-1.5.0.tgz#10353c9e945334bc0511a6d90b38fbc7c9c504df"
    integrity sha512-p2q/t/mhvuOj/UeLlV6566GD/guowlr0hHxClI0W9m7MWYkL1F0hLo+0Aexs9HSPCtR1SXQ0TD3MMKrXZajbiQ==
    dependencies:
      file-uri-to-path "1.0.0"
  
  bip174@^2.0.1:
    version "2.0.1"
    resolved "https://registry.yarnpkg.com/bip174/-/bip174-2.0.1.tgz#39cf8ca99e50ce538fb762589832f4481d07c254"
    integrity sha512-i3X26uKJOkDTAalYAp0Er+qGMDhrbbh2o93/xiPyAN2s25KrClSpe3VXo/7mNJoqA5qfko8rLS2l3RWZgYmjKQ==
  
  bip32@^2.0.4:
    version "2.0.6"
    resolved "https://registry.yarnpkg.com/bip32/-/bip32-2.0.6.tgz#6a81d9f98c4cd57d05150c60d8f9e75121635134"
    integrity sha512-HpV5OMLLGTjSVblmrtYRfFFKuQB+GArM0+XP8HGWfJ5vxYBqo+DesvJwOdC2WJ3bCkZShGf0QIfoIpeomVzVdA==
    dependencies:
      "@types/node" "10.12.18"
      bs58check "^2.1.1"
      create-hash "^1.2.0"
      create-hmac "^1.1.7"
      tiny-secp256k1 "^1.1.3"
      typeforce "^1.11.5"
      wif "^2.0.6"
  
  bip39@^3.0.2:
    version "3.0.4"
    resolved "https://registry.yarnpkg.com/bip39/-/bip39-3.0.4.tgz#5b11fed966840b5e1b8539f0f54ab6392969b2a0"
    integrity sha512-YZKQlb752TrUWqHWj7XAwCSjYEgGAk+/Aas3V7NyjQeZYsztO8JnQUaCWhcnL4T+jL8nvB8typ2jRPzTlgugNw==
    dependencies:
      "@types/node" "11.11.6"
      create-hash "^1.1.0"
      pbkdf2 "^3.0.9"
      randombytes "^2.0.1"
  
  bip66@^1.1.0:
    version "1.1.5"
    resolved "https://registry.yarnpkg.com/bip66/-/bip66-1.1.5.tgz#01fa8748785ca70955d5011217d1b3139969ca22"
    integrity sha1-AfqHSHhcpwlV1QESF9GzE5lpyiI=
    dependencies:
      safe-buffer "^5.0.1"
  
  bitcoin-ops@^1.3.0, bitcoin-ops@^1.4.0:
    version "1.4.1"
    resolved "https://registry.yarnpkg.com/bitcoin-ops/-/bitcoin-ops-1.4.1.tgz#e45de620398e22fd4ca6023de43974ff42240278"
    integrity sha512-pef6gxZFztEhaE9RY9HmWVmiIHqCb2OyS4HPKkpc6CIiiOa3Qmuoylxc5P2EkU3w+5eTSifI9SEZC88idAIGow==
  
  bitcoinjs-lib@^5.1.10, bitcoinjs-lib@^5.1.6:
    version "5.2.0"
    resolved "https://registry.yarnpkg.com/bitcoinjs-lib/-/bitcoinjs-lib-5.2.0.tgz#caf8b5efb04274ded1b67e0706960b93afb9d332"
    integrity sha512-5DcLxGUDejgNBYcieMIUfjORtUeNWl828VWLHJGVKZCb4zIS1oOySTUr0LGmcqJBQgTBz3bGbRQla4FgrdQEIQ==
    dependencies:
      bech32 "^1.1.2"
      bip174 "^2.0.1"
      bip32 "^2.0.4"
      bip66 "^1.1.0"
      bitcoin-ops "^1.4.0"
      bs58check "^2.0.0"
      create-hash "^1.1.0"
      create-hmac "^1.1.3"
      merkle-lib "^2.0.10"
      pushdata-bitcoin "^1.0.1"
      randombytes "^2.0.1"
      tiny-secp256k1 "^1.1.1"
      typeforce "^1.11.3"
      varuint-bitcoin "^1.0.4"
      wif "^2.0.1"
  
  bn.js@^4.0.0, bn.js@^4.11.8, bn.js@^4.11.9:
    version "4.12.0"
    resolved "https://registry.yarnpkg.com/bn.js/-/bn.js-4.12.0.tgz#775b3f278efbb9718eec7361f483fb36fbbfea88"
    integrity sha512-c98Bf3tPniI+scsdk237ku1Dc3ujXQTSgyiPUDEOe7tRkhrqridvh8klBv0HCEso1OLOYcHuCv/cS6DNxKH+ZA==
  
  bn.js@^5.1.1, bn.js@^5.1.2:
    version "5.2.0"
    resolved "https://registry.yarnpkg.com/bn.js/-/bn.js-5.2.0.tgz#358860674396c6997771a9d051fcc1b57d4ae002"
    integrity sha512-D7iWRBvnZE8ecXiLj/9wbxH7Tk79fAh8IHaTNq1RWRixsS02W+5qS+iE9yq6RYl0asXx5tw0bLhmT5pIfbSquw==
  
  brace-expansion@^1.1.7:
    version "1.1.11"
    resolved "https://registry.yarnpkg.com/brace-expansion/-/brace-expansion-1.1.11.tgz#3c7fcbf529d87226f3d2f52b966ff5271eb441dd"
    integrity sha512-iCuPHDFgrHX7H2vEI/5xpz07zSHB00TpugqhmYtVmMO6518mCuRMoOYFldEBl0g187ufozdaHgWKcYFb61qGiA==
    dependencies:
      balanced-match "^1.0.0"
      concat-map "0.0.1"
  
  brorand@^1.1.0:
    version "1.1.0"
    resolved "https://registry.yarnpkg.com/brorand/-/brorand-1.1.0.tgz#12c25efe40a45e3c323eb8675a0a0ce57b22371f"
    integrity sha1-EsJe/kCkXjwyPrhnWgoM5XsiNx8=
  
  bs58@^4.0.0:
    version "4.0.1"
    resolved "https://registry.yarnpkg.com/bs58/-/bs58-4.0.1.tgz#be161e76c354f6f788ae4071f63f34e8c4f0a42a"
    integrity sha1-vhYedsNU9veIrkBx9j806MTwpCo=
    dependencies:
      base-x "^3.0.2"
  
  bs58check@<3.0.0, bs58check@^2.0.0, bs58check@^2.1.1:
    version "2.1.2"
    resolved "https://registry.yarnpkg.com/bs58check/-/bs58check-2.1.2.tgz#53b018291228d82a5aa08e7d796fdafda54aebfc"
    integrity sha512-0TS1jicxdU09dwJMNZtVAfzPi6Q6QeN0pM1Fkzrjn+XYHvzMKPU3pHVpva+769iNVSfIYWf7LJ6WR+BuuMf8cA==
    dependencies:
      bs58 "^4.0.0"
      create-hash "^1.1.0"
      safe-buffer "^5.1.2"
  
  buffer@^5.6.0:
    version "5.7.1"
    resolved "https://registry.yarnpkg.com/buffer/-/buffer-5.7.1.tgz#ba62e7c13133053582197160851a8f648e99eed0"
    integrity sha512-EHcyIPBQ4BSGlvjB16k5KgAJ27CIsHY/2JBmCRReo48y9rQ3MaUzWX3KVlBa4U7MyX02HdVj0K7C3WaB3ju7FQ==
    dependencies:
      base64-js "^1.3.1"
      ieee754 "^1.1.13"
  
  c32check@^1.0.1, c32check@^1.1.1:
    version "1.1.2"
    resolved "https://registry.yarnpkg.com/c32check/-/c32check-1.1.2.tgz#e84a66366bf9964ddf8d7b1f86d0e79281b8c8bd"
    integrity sha512-YgmbvOQ9HfoH7ptW80JP6WJdgoHJFGqFjxaFYvwD+bU5i3dJ44a1LI0yxdiA2n/tVKq9W92tYcFjTP5hGlvhcg==
    dependencies:
      base-x "^3.0.8"
      buffer "^5.6.0"
      cross-sha256 "^1.1.2"
  
  cipher-base@^1.0.1, cipher-base@^1.0.3:
    version "1.0.4"
    resolved "https://registry.yarnpkg.com/cipher-base/-/cipher-base-1.0.4.tgz#8760e4ecc272f4c363532f926d874aae2c1397de"
    integrity sha512-Kkht5ye6ZGmwv40uUDZztayT2ThLQGfnj/T71N/XzeZeo3nf8foyW7zGTsPYkEya3m5f3cAypH+qe7YOrM1U2Q==
    dependencies:
      inherits "^2.0.1"
      safe-buffer "^5.0.1"
  
  codecov@^3.7.2:
    version "3.8.2"
    resolved "https://registry.yarnpkg.com/codecov/-/codecov-3.8.2.tgz#ab24f18783998c39e809ea210af899f8dbcc790e"
    integrity sha512-6w/kt/xvmPsWMfDFPE/T054txA9RTgcJEw36PNa6MYX+YV29jCHCRFXwbQ3QZBTOgnex1J2WP8bo2AT8TWWz9g==
    dependencies:
      argv "0.0.2"
      ignore-walk "3.0.3"
      js-yaml "3.14.1"
      teeny-request "7.0.1"
      urlgrey "0.4.4"
  
  concat-map@0.0.1:
    version "0.0.1"
    resolved "https://registry.yarnpkg.com/concat-map/-/concat-map-0.0.1.tgz#d8a96bd77fd68df7793a73036a3ba0d5405d477b"
    integrity sha1-2Klr13/Wjfd5OnMDajug1UBdR3s=
  
  create-hash@^1.1.0, create-hash@^1.1.2, create-hash@^1.2.0:
    version "1.2.0"
    resolved "https://registry.yarnpkg.com/create-hash/-/create-hash-1.2.0.tgz#889078af11a63756bcfb59bd221996be3a9ef196"
    integrity sha512-z00bCGNHDG8mHAkP7CtT1qVu+bFQUPjYq/4Iv3C3kWjTFV10zIjfSoeqXo9Asws8gwSHDGj/hl2u4OGIjapeCg==
    dependencies:
      cipher-base "^1.0.1"
      inherits "^2.0.1"
      md5.js "^1.3.4"
      ripemd160 "^2.0.1"
      sha.js "^2.4.0"
  
  create-hmac@^1.1.3, create-hmac@^1.1.4, create-hmac@^1.1.7:
    version "1.1.7"
    resolved "https://registry.yarnpkg.com/create-hmac/-/create-hmac-1.1.7.tgz#69170c78b3ab957147b2b8b04572e47ead2243ff"
    integrity sha512-MJG9liiZ+ogc4TzUwuvbER1JRdgvUFSB5+VR/g5h82fGaIRWMWddtKBHi7/sVhfjQZ6SehlyhvQYrcYkaUIpLg==
    dependencies:
      cipher-base "^1.0.3"
      create-hash "^1.1.0"
      inherits "^2.0.1"
      ripemd160 "^2.0.0"
      safe-buffer "^5.0.1"
      sha.js "^2.4.8"
  
  cross-fetch@^3.0.4, cross-fetch@^3.0.5, cross-fetch@^3.0.6:
    version "3.1.4"
    resolved "https://registry.yarnpkg.com/cross-fetch/-/cross-fetch-3.1.4.tgz#9723f3a3a247bf8b89039f3a380a9244e8fa2f39"
    integrity sha512-1eAtFWdIubi6T4XPy6ei9iUFoKpUkIF971QLN8lIvvvwueI65+Nw5haMNKUwfJxabqlIIDODJKGrQ66gxC0PbQ==
    dependencies:
      node-fetch "2.6.1"
  
  cross-sha256@^1.1.2:
    version "1.1.2"
    resolved "https://registry.yarnpkg.com/cross-sha256/-/cross-sha256-1.1.2.tgz#ca7c79fef95ddb38b33a074a33ce79b019d0c340"
    integrity sha512-ZMGqJvPZQY/hmFvTJyM4LGVZIvEqD58GrCWA28goaDdo6wGzjgxWKEDxVfahkNCF/ryxBNfHe3Ql/BMSwPPbcg==
    dependencies:
      "@types/node" "^8.0.0"
      buffer "^5.6.0"
  
  debug@4:
    version "4.3.1"
    resolved "https://registry.yarnpkg.com/debug/-/debug-4.3.1.tgz#f0d229c505e0c6d8c49ac553d1b13dc183f6b2ee"
    integrity sha512-doEwdvm4PCeK4K3RQN2ZC2BYUBaxwLARCqZmMjtF8a51J2Rb0xpVloFRnCODwqjpwnAoao4pelN8l3RJdv3gRQ==
    dependencies:
      ms "2.1.2"
  
  decode-uri-component@^0.2.0:
    version "0.2.0"
    resolved "https://registry.yarnpkg.com/decode-uri-component/-/decode-uri-component-0.2.0.tgz#eb3913333458775cb84cd1a1fae062106bb87545"
    integrity sha1-6zkTMzRYd1y4TNGh+uBiEGu4dUU=
  
  ecdsa-sig-formatter@^1.0.11:
    version "1.0.11"
    resolved "https://registry.yarnpkg.com/ecdsa-sig-formatter/-/ecdsa-sig-formatter-1.0.11.tgz#ae0f0fa2d85045ef14a817daa3ce9acd0489e5bf"
    integrity sha512-nagl3RYrbNv6kQkeJIpt6NJZy8twLB/2vtz6yN9Z4vRKHN4/QZJIEbqohALSgwKdnksuY3k5Addp5lg8sVoVcQ==
    dependencies:
      safe-buffer "^5.0.1"
  
  elliptic@^6.4.0, elliptic@^6.4.1, elliptic@^6.5.2, elliptic@^6.5.3:
    version "6.5.4"
    resolved "https://registry.yarnpkg.com/elliptic/-/elliptic-6.5.4.tgz#da37cebd31e79a1367e941b592ed1fbebd58abbb"
    integrity sha512-iLhC6ULemrljPZb+QutR5TQGB+pdW6KGD5RSegS+8sorOZT+rdQFbsQFJgvN3eRqNALqJer4oQ16YvJHlU8hzQ==
    dependencies:
      bn.js "^4.11.9"
      brorand "^1.1.0"
      hash.js "^1.0.0"
      hmac-drbg "^1.0.1"
      inherits "^2.0.4"
      minimalistic-assert "^1.0.1"
      minimalistic-crypto-utils "^1.0.1"
  
  esprima@^4.0.0:
    version "4.0.1"
    resolved "https://registry.yarnpkg.com/esprima/-/esprima-4.0.1.tgz#13b04cdb3e6c5d19df91ab6987a8695619b0aa71"
    integrity sha512-eGuFFw7Upda+g4p+QHvnW0RyTX/SVeJBDM/gCtMARO0cLuT2HcEKnTPvhjV6aGeqrCB/sbNop0Kszm0jsaWU4A==
  
  file-uri-to-path@1.0.0:
    version "1.0.0"
    resolved "https://registry.yarnpkg.com/file-uri-to-path/-/file-uri-to-path-1.0.0.tgz#553a7b8446ff6f684359c445f1e37a05dacc33dd"
    integrity sha512-0Zt+s3L7Vf1biwWZ29aARiVYLx7iMGnEUl9x33fbB/j3jR81u/O2LbqK+Bm1CDSNDKVtJ/YjwY7TUd5SkeLQLw==
  
  filter-obj@^1.1.0:
    version "1.1.0"
    resolved "https://registry.yarnpkg.com/filter-obj/-/filter-obj-1.1.0.tgz#9b311112bc6c6127a16e016c6c5d7f19e0805c5b"
    integrity sha1-mzERErxsYSehbgFsbF1/GeCAXFs=
  
  hash-base@^3.0.0:
    version "3.1.0"
    resolved "https://registry.yarnpkg.com/hash-base/-/hash-base-3.1.0.tgz#55c381d9e06e1d2997a883b4a3fddfe7f0d3af33"
    integrity sha512-1nmYp/rhMDiE7AYkDw+lLwlAzz0AntGIe51F3RfFfEqyQ3feY2eI/NcwC6umIQVOASPMsWJLJScWKSSvzL9IVA==
    dependencies:
      inherits "^2.0.4"
      readable-stream "^3.6.0"
      safe-buffer "^5.2.0"
  
  hash.js@^1.0.0, hash.js@^1.0.3:
    version "1.1.7"
    resolved "https://registry.yarnpkg.com/hash.js/-/hash.js-1.1.7.tgz#0babca538e8d4ee4a0f8988d68866537a003cf42"
    integrity sha512-taOaskGt4z4SOANNseOviYDvjEJinIkRgmp7LbKP2YTTmVxWBl87s/uzK9r+44BclBSp2X7K1hqeNfz9JbBeXA==
    dependencies:
      inherits "^2.0.3"
      minimalistic-assert "^1.0.1"
  
  hmac-drbg@^1.0.1:
    version "1.0.1"
    resolved "https://registry.yarnpkg.com/hmac-drbg/-/hmac-drbg-1.0.1.tgz#d2745701025a6c775a6c545793ed502fc0c649a1"
    integrity sha1-0nRXAQJabHdabFRXk+1QL8DGSaE=
    dependencies:
      hash.js "^1.0.3"
      minimalistic-assert "^1.0.0"
      minimalistic-crypto-utils "^1.0.1"
  
  http-proxy-agent@^4.0.0:
    version "4.0.1"
    resolved "https://registry.yarnpkg.com/http-proxy-agent/-/http-proxy-agent-4.0.1.tgz#8a8c8ef7f5932ccf953c296ca8291b95aa74aa3a"
    integrity sha512-k0zdNgqWTGA6aeIRVpvfVob4fL52dTfaehylg0Y4UvSySvOq/Y+BOyPrgpUrA7HylqvU8vIZGsRuXmspskV0Tg==
    dependencies:
      "@tootallnate/once" "1"
      agent-base "6"
      debug "4"
  
  https-proxy-agent@^5.0.0:
    version "5.0.0"
    resolved "https://registry.yarnpkg.com/https-proxy-agent/-/https-proxy-agent-5.0.0.tgz#e2a90542abb68a762e0a0850f6c9edadfd8506b2"
    integrity sha512-EkYm5BcKUGiduxzSt3Eppko+PiNWNEpa4ySk9vTC6wDsQJW9rHSa+UhGNJoRYp7bz6Ht1eaRIa6QaJqO5rCFbA==
    dependencies:
      agent-base "6"
      debug "4"
  
  iced-error@>=0.0.9:
    version "0.0.13"
    resolved "https://registry.yarnpkg.com/iced-error/-/iced-error-0.0.13.tgz#a4a8a4f1461a59c7a2a380b4f745ffd80718f08b"
    integrity sha512-yEEaG8QfyyRL0SsbNNDw3rVgTyqwHFMCuV6jDvD43f/2shmdaFXkqvFLGhDlsYNSolzYHwVLM/CrXt9GygYopA==
  
  iced-lock@^1.0.1:
    version "1.1.0"
    resolved "https://registry.yarnpkg.com/iced-lock/-/iced-lock-1.1.0.tgz#6116ef1cab3acd6e6b10893bb27ba622fd3fde72"
    integrity sha1-YRbvHKs6zW5rEIk7snumIv0/3nI=
    dependencies:
      iced-runtime "^1.0.0"
  
  iced-runtime@>=0.0.1, iced-runtime@^1.0.0, iced-runtime@^1.0.2:
    version "1.0.4"
    resolved "https://registry.yarnpkg.com/iced-runtime/-/iced-runtime-1.0.4.tgz#e9de26dfe98cd8621201f7f3dfb9f7f09c550990"
    integrity sha512-rgiJXNF6ZgF2Clh/TKUlBDW3q51YPDJUXmxGQXx1b8tbZpVpTn+1RX9q1sjNkujXIIaVxZByQzPHHORg7KV51g==
  
  ieee754@^1.1.13:
    version "1.2.1"
    resolved "https://registry.yarnpkg.com/ieee754/-/ieee754-1.2.1.tgz#8eb7a10a63fff25d15a57b001586d177d1b0d352"
    integrity sha512-dcyqhDvX1C46lXZcVqCpK+FtMRQVdIMN6/Df5js2zouUsqG7I6sFxitIC+7KYK29KdXOLHdu9zL4sFnoVQnqaA==
  
  ignore-walk@3.0.3:
    version "3.0.3"
    resolved "https://registry.yarnpkg.com/ignore-walk/-/ignore-walk-3.0.3.tgz#017e2447184bfeade7c238e4aefdd1e8f95b1e37"
    integrity sha512-m7o6xuOaT1aqheYHKf8W6J5pYH85ZI9w077erOzLje3JsB1gkafkAhHHY19dqjulgIZHFm32Cp5uNZgcQqdJKw==
    dependencies:
      minimatch "^3.0.4"
  
  inherits@^2.0.1, inherits@^2.0.3, inherits@^2.0.4:
    version "2.0.4"
    resolved "https://registry.yarnpkg.com/inherits/-/inherits-2.0.4.tgz#0fa2c64f932917c3433a0ded55363aae37416b7c"
    integrity sha512-k/vGaX4/Yla3WzyMCvTQOXYeIHvqOKtnqBduzTHpzpQZzAskKMhZ2K+EnBiSM9zGSoIFeMpXKxa4dYeZIQqewQ==
  
  js-yaml@3.14.1:
    version "3.14.1"
    resolved "https://registry.yarnpkg.com/js-yaml/-/js-yaml-3.14.1.tgz#dae812fdb3825fa306609a8717383c50c36a0537"
    integrity sha512-okMH7OXXJ7YrN9Ok3/SXrnu4iX9yOk+25nqX4imS2npuvTYDmo/QEZoqwZkYaIDk3jVvBOTOIEgEhaLOynBS9g==
    dependencies:
      argparse "^1.0.7"
      esprima "^4.0.0"
  
  jsontokens@^3.0.0:
    version "3.0.0"
    resolved "https://registry.yarnpkg.com/jsontokens/-/jsontokens-3.0.0.tgz#629984d260a4081b11541313acdba708377314d3"
    integrity sha512-P0QZC5AjOkn3t1ej6OuI7+XqoEctYj83UK4pw0WpHY4/z6a5PpZCJSpp5NZodq94GFkw2PfB9DPFoDM5qpyp/g==
    dependencies:
      "@types/elliptic" "^6.4.9"
      asn1.js "^5.0.1"
      base64url "^3.0.1"
      ecdsa-sig-formatter "^1.0.11"
      elliptic "^6.4.1"
      sha.js "^2.4.11"
  
  lodash-es@4.17.20:
    version "4.17.20"
    resolved "https://registry.yarnpkg.com/lodash-es/-/lodash-es-4.17.20.tgz#29f6332eefc60e849f869c264bc71126ad61e8f7"
    integrity sha512-JD1COMZsq8maT6mnuz1UMV0jvYD0E0aUsSOdrr1/nAG3dhqQXwRRgeW0cSqH1U43INKcqxaiVIQNOUDld7gRDA==
  
  lodash@^4.17.14, lodash@^4.17.15, lodash@^4.17.20:
    version "4.17.21"
    resolved "https://registry.yarnpkg.com/lodash/-/lodash-4.17.21.tgz#679591c564c3bffaae8454cf0b3df370c3d6911c"
    integrity sha512-v2kDEe57lecTulaDIuNTPy3Ry4gLGJ6Z1O3vE1krgXZNrsQ+LFTGHVxVjcXPs17LhbZVGedAJv8XZ1tvj5FvSg==
  
  md5.js@^1.3.4:
    version "1.3.5"
    resolved "https://registry.yarnpkg.com/md5.js/-/md5.js-1.3.5.tgz#b5d07b8e3216e3e27cd728d72f70d1e6a342005f"
    integrity sha512-xitP+WxNPcTTOgnTJcrhM0xvdPepipPSf3I8EIpGKeFLjt3PlJLIDG3u8EX53ZIubkb+5U2+3rELYpEhHhzdkg==
    dependencies:
      hash-base "^3.0.0"
      inherits "^2.0.1"
      safe-buffer "^5.1.2"
  
  merkle-lib@^2.0.10:
    version "2.0.10"
    resolved "https://registry.yarnpkg.com/merkle-lib/-/merkle-lib-2.0.10.tgz#82b8dbae75e27a7785388b73f9d7725d0f6f3326"
    integrity sha1-grjbrnXieneFOItz+ddyXQ9vMyY=
  
  minimalistic-assert@^1.0.0, minimalistic-assert@^1.0.1:
    version "1.0.1"
    resolved "https://registry.yarnpkg.com/minimalistic-assert/-/minimalistic-assert-1.0.1.tgz#2e194de044626d4a10e7f7fbc00ce73e83e4d5c7"
    integrity sha512-UtJcAD4yEaGtjPezWuO9wC4nwUnVH/8/Im3yEHQP4b67cXlD/Qr9hdITCU1xDbSEXg2XKNaP8jsReV7vQd00/A==
  
  minimalistic-crypto-utils@^1.0.1:
    version "1.0.1"
    resolved "https://registry.yarnpkg.com/minimalistic-crypto-utils/-/minimalistic-crypto-utils-1.0.1.tgz#f6c00c1c0b082246e5c4d99dfb8c7c083b2b582a"
    integrity sha1-9sAMHAsIIkblxNmd+4x8CDsrWCo=
  
  minimatch@^3.0.4:
    version "3.0.4"
    resolved "https://registry.yarnpkg.com/minimatch/-/minimatch-3.0.4.tgz#5166e286457f03306064be5497e8dbb0c3d32083"
    integrity sha512-yJHVQEhyqPLUTgt9B83PXu6W3rx4MvvHvSUvToogpwoGDOUQ+yDrR0HRot+yOCdCO7u4hX3pWft6kWBBcqh0UA==
    dependencies:
      brace-expansion "^1.1.7"
  
  more-entropy@>=0.0.7:
    version "0.0.7"
    resolved "https://registry.yarnpkg.com/more-entropy/-/more-entropy-0.0.7.tgz#67bfc6f7a86f26fbc37aac83fd46d88c61d109b5"
    integrity sha1-Z7/G96hvJvvDeqyD/UbYjGHRCbU=
    dependencies:
      iced-runtime ">=0.0.1"
  
  ms@2.1.2:
    version "2.1.2"
    resolved "https://registry.yarnpkg.com/ms/-/ms-2.1.2.tgz#d09d1f357b443f493382a8eb3ccd183872ae6009"
    integrity sha512-sGkPx+VjMtmA6MX27oA4FBFELFCZZ4S4XqeGOXCv68tT+jb3vk/RyaKWP0PTKyWtmLSM0b+adUTEvbs1PEaH2w==
  
  nan@^2.13.2:
    version "2.14.2"
    resolved "https://registry.yarnpkg.com/nan/-/nan-2.14.2.tgz#f5376400695168f4cc694ac9393d0c9585eeea19"
    integrity sha512-M2ufzIiINKCuDfBSAUr1vWQ+vuVcA9kqx8JJUsbQi6yf1uGRyb7HfpdfUr5qLXf3B/t8dPvcjhKMmlfnP47EzQ==
  
  node-fetch@2.6.1, node-fetch@^2.6.1:
    version "2.6.1"
    resolved "https://registry.yarnpkg.com/node-fetch/-/node-fetch-2.6.1.tgz#045bd323631f76ed2e2b55573394416b639a0052"
    integrity sha512-V4aYg89jEoVRxRb2fJdAg8FHvI7cEyYdVAh94HH0UIK8oJxUfkjlDQN9RbMx+bEjP7+ggMiFRprSti032Oipxw==
  
  pbkdf2@^3.0.9:
    version "3.1.2"
    resolved "https://registry.yarnpkg.com/pbkdf2/-/pbkdf2-3.1.2.tgz#dd822aa0887580e52f1a039dc3eda108efae3075"
    integrity sha512-iuh7L6jA7JEGu2WxDwtQP1ddOpaJNC4KlDEFfdQajSGgGPNi4OyDc2R7QnbY2bR9QjBVGwgvTdNJZoE7RaxUMA==
    dependencies:
      create-hash "^1.1.2"
      create-hmac "^1.1.4"
      ripemd160 "^2.0.1"
      safe-buffer "^5.0.1"
      sha.js "^2.4.8"
  
  prettier@^1.18.2:
    version "1.19.1"
    resolved "https://registry.yarnpkg.com/prettier/-/prettier-1.19.1.tgz#f7d7f5ff8a9cd872a7be4ca142095956a60797cb"
    integrity sha512-s7PoyDv/II1ObgQunCbB9PdLmUcBZcnWOcxDh7O0N/UwDEsHyqkW+Qh28jW+mVuCdx7gLB0BotYI1Y6uI9iyew==
  
  progress@~1.1.2:
    version "1.1.8"
    resolved "https://registry.yarnpkg.com/progress/-/progress-1.1.8.tgz#e260c78f6161cdd9b0e56cc3e0a85de17c7a57be"
    integrity sha1-4mDHj2Fhzdmw5WzD4Khd4Xx6V74=
  
  pushdata-bitcoin@^1.0.1:
    version "1.0.1"
    resolved "https://registry.yarnpkg.com/pushdata-bitcoin/-/pushdata-bitcoin-1.0.1.tgz#15931d3cd967ade52206f523aa7331aef7d43af7"
    integrity sha1-FZMdPNlnreUiBvUjqnMxrvfUOvc=
    dependencies:
      bitcoin-ops "^1.3.0"
  
  query-string@^6.13.1:
    version "6.14.1"
    resolved "https://registry.yarnpkg.com/query-string/-/query-string-6.14.1.tgz#7ac2dca46da7f309449ba0f86b1fd28255b0c86a"
    integrity sha512-XDxAeVmpfu1/6IjyT/gXHOl+S0vQ9owggJ30hhWKdHAsNPOcasn5o9BW0eejZqL2e4vMjhAxoW3jVHcD6mbcYw==
    dependencies:
      decode-uri-component "^0.2.0"
      filter-obj "^1.1.0"
      split-on-first "^1.0.0"
      strict-uri-encode "^2.0.0"
  
  randombytes@^2.0.1, randombytes@^2.1.0:
    version "2.1.0"
    resolved "https://registry.yarnpkg.com/randombytes/-/randombytes-2.1.0.tgz#df6f84372f0270dc65cdf6291349ab7a473d4f2a"
    integrity sha512-vYl3iOX+4CKUWuxGi9Ukhie6fsqXqS9FE2Zaic4tNFD2N2QQaXOMFbuKK4QmDHC0JO6B1Zp41J0LpT0oR68amQ==
    dependencies:
      safe-buffer "^5.1.0"
  
  readable-stream@^3.6.0:
    version "3.6.0"
    resolved "https://registry.yarnpkg.com/readable-stream/-/readable-stream-3.6.0.tgz#337bbda3adc0706bd3e024426a286d4b4b2c9198"
    integrity sha512-BViHy7LKeTz4oNnkcLJ+lVSL6vpiFeX6/d3oSH8zCW7UxP2onchk+vTGB143xuFjHS3deTgkKoXXymXqymiIdA==
    dependencies:
      inherits "^2.0.3"
      string_decoder "^1.1.1"
      util-deprecate "^1.0.1"
  
  ripemd160-min@^0.0.6:
    version "0.0.6"
    resolved "https://registry.yarnpkg.com/ripemd160-min/-/ripemd160-min-0.0.6.tgz#a904b77658114474d02503e819dcc55853b67e62"
    integrity sha512-+GcJgQivhs6S9qvLogusiTcS9kQUfgR75whKuy5jIhuiOfQuJ8fjqxV6EGD5duH1Y/FawFUMtMhyeq3Fbnib8A==
  
  ripemd160@^2.0.0, ripemd160@^2.0.1, ripemd160@^2.0.2:
    version "2.0.2"
    resolved "https://registry.yarnpkg.com/ripemd160/-/ripemd160-2.0.2.tgz#a1c1a6f624751577ba5d07914cbc92850585890c"
    integrity sha512-ii4iagi25WusVoiC4B4lq7pbXfAp3D9v5CwfkY33vffw2+pkDjY1D8GaN7spsxvCSx8dkPqOZCEZyfxcmJG2IA==
    dependencies:
      hash-base "^3.0.0"
      inherits "^2.0.1"
  
  safe-buffer@^5.0.1, safe-buffer@^5.1.0, safe-buffer@^5.1.1, safe-buffer@^5.1.2, safe-buffer@^5.2.0, safe-buffer@~5.2.0:
    version "5.2.1"
    resolved "https://registry.yarnpkg.com/safe-buffer/-/safe-buffer-5.2.1.tgz#1eaf9fa9bdb1fdd4ec75f58f9cdb4e6b7827eec6"
    integrity sha512-rp3So07KcdmmKbGvgaNxQSJr7bGVSVk5S9Eq1F+ppbRo70+YeaDxkw5Dd8NPN+GD6bjnYm2VuPuCXmpuYvmCXQ==
  
  safer-buffer@^2.1.0:
    version "2.1.2"
    resolved "https://registry.yarnpkg.com/safer-buffer/-/safer-buffer-2.1.2.tgz#44fa161b0187b9549dd84bb91802f9bd8385cd6a"
    integrity sha512-YZo3K82SD7Riyi0E1EQPojLz7kpepnSQI9IyPbHHg1XXXevb5dJI7tpyN2ADxGcQbHG7vcyRHk0cbwqcQriUtg==
  
  schema-inspector@^1.7.0:
    version "1.7.0"
    resolved "https://registry.yarnpkg.com/schema-inspector/-/schema-inspector-1.7.0.tgz#b3f8b97fc26ba930ef16cd7b8fcf77201ce468db"
    integrity sha512-Cj4XP6O3QfDhOq7bIPpz3Ev+sjR++nqFsIggBVIk/8axqFc2p+XSwNBWih9Ut/p8k36f1uCyXB+TzumZUsxVBQ==
    dependencies:
      async "~2.6.3"
  
  sha.js@^2.4.0, sha.js@^2.4.11, sha.js@^2.4.8:
    version "2.4.11"
    resolved "https://registry.yarnpkg.com/sha.js/-/sha.js-2.4.11.tgz#37a5cf0b81ecbc6943de109ba2960d1b26584ae7"
    integrity sha512-QMEp5B7cftE7APOjk5Y6xgrbWu+WkLVQwk8JNjZ8nKRciZaByEW6MubieAiToS7+dwvrjGhH8jRXz3MVd0AYqQ==
    dependencies:
      inherits "^2.0.1"
      safe-buffer "^5.0.1"
  
  smart-buffer@^4.1.0:
    version "4.1.0"
    resolved "https://registry.yarnpkg.com/smart-buffer/-/smart-buffer-4.1.0.tgz#91605c25d91652f4661ea69ccf45f1b331ca21ba"
    integrity sha512-iVICrxOzCynf/SNaBQCw34eM9jROU/s5rzIhpOvzhzuYHfJR/DhZfDkXiZSgKXfgv26HT3Yni3AV/DGw0cGnnw==
  
  split-on-first@^1.0.0:
    version "1.1.0"
    resolved "https://registry.yarnpkg.com/split-on-first/-/split-on-first-1.1.0.tgz#f610afeee3b12bce1d0c30425e76398b78249a5f"
    integrity sha512-43ZssAJaMusuKWL8sKUBQXHWOpq8d6CfN/u1p4gUzfJkM05C8rxTmYrkIPTXapZpORA6LkkzcUulJ8FqA7Uudw==
  
  sprintf-js@~1.0.2:
    version "1.0.3"
    resolved "https://registry.yarnpkg.com/sprintf-js/-/sprintf-js-1.0.3.tgz#04e6926f662895354f3dd015203633b857297e2c"
    integrity sha1-BOaSb2YolTVPPdAVIDYzuFcpfiw=
  
  stream-events@^1.0.5:
    version "1.0.5"
    resolved "https://registry.yarnpkg.com/stream-events/-/stream-events-1.0.5.tgz#bbc898ec4df33a4902d892333d47da9bf1c406d5"
    integrity sha512-E1GUzBSgvct8Jsb3v2X15pjzN1tYebtbLaMg+eBOUOAxgbLoSbT2NS91ckc5lJD1KfLjId+jXJRgo0qnV5Nerg==
    dependencies:
      stubs "^3.0.0"
  
  strict-uri-encode@^2.0.0:
    version "2.0.0"
    resolved "https://registry.yarnpkg.com/strict-uri-encode/-/strict-uri-encode-2.0.0.tgz#b9c7330c7042862f6b142dc274bbcc5866ce3546"
    integrity sha1-ucczDHBChi9rFC3CdLvMWGbONUY=
  
  string_decoder@^1.1.1:
    version "1.3.0"
    resolved "https://registry.yarnpkg.com/string_decoder/-/string_decoder-1.3.0.tgz#42f114594a46cf1a8e30b0a84f56c78c3edac21e"
    integrity sha512-hkRX8U1WjJFd8LsDJ2yQ/wWWxaopEsABU1XfkM8A+j0+85JAGppt16cr1Whg6KIbb4okU6Mql6BOj+uup/wKeA==
    dependencies:
      safe-buffer "~5.2.0"
  
  stubs@^3.0.0:
    version "3.0.0"
    resolved "https://registry.yarnpkg.com/stubs/-/stubs-3.0.0.tgz#e8d2ba1fa9c90570303c030b6900f7d5f89abe5b"
    integrity sha1-6NK6H6nJBXAwPAMLaQD31fiavls=
  
  teeny-request@7.0.1:
    version "7.0.1"
    resolved "https://registry.yarnpkg.com/teeny-request/-/teeny-request-7.0.1.tgz#bdd41fdffea5f8fbc0d29392cb47bec4f66b2b4c"
    integrity sha512-sasJmQ37klOlplL4Ia/786M5YlOcoLGQyq2TE4WHSRupbAuDaQW0PfVxV4MtdBtRJ4ngzS+1qim8zP6Zp35qCw==
    dependencies:
      http-proxy-agent "^4.0.0"
      https-proxy-agent "^5.0.0"
      node-fetch "^2.6.1"
      stream-events "^1.0.5"
      uuid "^8.0.0"
  
  tiny-secp256k1@^1.1.1, tiny-secp256k1@^1.1.3:
    version "1.1.6"
    resolved "https://registry.yarnpkg.com/tiny-secp256k1/-/tiny-secp256k1-1.1.6.tgz#7e224d2bee8ab8283f284e40e6b4acb74ffe047c"
    integrity sha512-FmqJZGduTyvsr2cF3375fqGHUovSwDi/QytexX1Se4BPuPZpTE5Ftp5fg+EFSuEf3lhZqgCRjEG3ydUQ/aNiwA==
    dependencies:
      bindings "^1.3.0"
      bn.js "^4.11.8"
      create-hmac "^1.1.7"
      elliptic "^6.4.0"
      nan "^2.13.2"
  
  triplesec@^3.0.27:
    version "3.0.27"
    resolved "https://registry.yarnpkg.com/triplesec/-/triplesec-3.0.27.tgz#43ba5a9f0e11ebba20c7563ecca947b2f94e82c5"
    integrity sha512-FDhkxa3JYnPOerOd+8k+SBmm7cb7KkyX+xXwNFV3XV6dsQgHuRvjtbnzWfPJ2kimeR8ErjZfPd/6r7RH6epHDw==
    dependencies:
      iced-error ">=0.0.9"
      iced-lock "^1.0.1"
      iced-runtime "^1.0.2"
      more-entropy ">=0.0.7"
      progress "~1.1.2"
      uglify-js "^3.1.9"
  
  typeforce@^1.11.3, typeforce@^1.11.5:
    version "1.18.0"
    resolved "https://registry.yarnpkg.com/typeforce/-/typeforce-1.18.0.tgz#d7416a2c5845e085034d70fcc5b6cc4a90edbfdc"
    integrity sha512-7uc1O8h1M1g0rArakJdf0uLRSSgFcYexrVoKo+bzJd32gd4gDy2L/Z+8/FjPnU9ydY3pEnVPtr9FyscYY60K1g==
  
  uglify-js@^3.1.9:
    version "3.13.5"
    resolved "https://registry.yarnpkg.com/uglify-js/-/uglify-js-3.13.5.tgz#5d71d6dbba64cf441f32929b1efce7365bb4f113"
    integrity sha512-xtB8yEqIkn7zmOyS2zUNBsYCBRhDkvlNxMMY2smuJ/qA8NCHeQvKCF3i9Z4k8FJH4+PJvZRtMrPynfZ75+CSZw==
  
  urlgrey@0.4.4:
    version "0.4.4"
    resolved "https://registry.yarnpkg.com/urlgrey/-/urlgrey-0.4.4.tgz#892fe95960805e85519f1cd4389f2cb4cbb7652f"
    integrity sha1-iS/pWWCAXoVRnxzUOJ8stMu3ZS8=
  
  util-deprecate@^1.0.1:
    version "1.0.2"
    resolved "https://registry.yarnpkg.com/util-deprecate/-/util-deprecate-1.0.2.tgz#450d4dc9fa70de732762fbd2d4a28981419a0ccf"
    integrity sha1-RQ1Nyfpw3nMnYvvS1KKJgUGaDM8=
  
  uuid@^8.0.0:
    version "8.3.2"
    resolved "https://registry.yarnpkg.com/uuid/-/uuid-8.3.2.tgz#80d5b5ced271bb9af6c445f21a1a04c606cefbe2"
    integrity sha512-+NYs2QeMWy+GWFOEm9xnn6HCDp0l7QBD7ml8zLUmJ+93Q5NF0NocErnwkTkXVFNiX3/fpC6afS8Dhb/gz7R7eg==
  
  varuint-bitcoin@^1.0.4:
    version "1.1.2"
    resolved "https://registry.yarnpkg.com/varuint-bitcoin/-/varuint-bitcoin-1.1.2.tgz#e76c138249d06138b480d4c5b40ef53693e24e92"
    integrity sha512-4EVb+w4rx+YfVM32HQX42AbbT7/1f5zwAYhIujKXKk8NQK+JfRVl3pqT3hjNn/L+RstigmGGKVwHA/P0wgITZw==
    dependencies:
      safe-buffer "^5.1.1"
  
  wif@^2.0.1, wif@^2.0.6:
    version "2.0.6"
    resolved "https://registry.yarnpkg.com/wif/-/wif-2.0.6.tgz#08d3f52056c66679299726fade0d432ae74b4704"
    integrity sha1-CNP1IFbGZnkplyb63g1DKudLRwQ=
    dependencies:
      bs58check "<3.0.0"
  
  zone-file@^1.0.0:
    version "1.0.0"
    resolved "https://registry.yarnpkg.com/zone-file/-/zone-file-1.0.0.tgz#93f4ae26d1a13974f8178f6dfff14b41466c6029"
    integrity sha512-dJynTf/5XCobE6diQBpNWQQRBzXE8d1QhHKemzrkffrZ36F9uKlbBVyIXXbG2CJoaTGZGh8zt2AHX/mG4txtqA==
